<?xml version="1.0" encoding="UTF-8"?>
<!-- Generated by org.testng.reporters.JUnitReportReporter -->
<testsuite skipped="0" hostname="LAPTOP-F0VEO623" name="com.jenkins.practice.LoginTest" tests="1" failures="0" timestamp="09 Sep 2020 10:41:41 GMT" time="16.701" errors="0">
  <testcase name="login1" time="16.701" classname="com.jenkins.practice.LoginTest"/>
</testsuite> <!-- com.jenkins.practice.LoginTest -->
