<?xml version="1.0" encoding="UTF-8"?>
<!-- Generated by org.testng.reporters.JUnitReportReporter -->
<testsuite skipped="0" hostname="LAPTOP-F0VEO623" name="com.jenkins.practice.LoginTest" tests="2" failures="0" timestamp="09 Sep 2020 13:06:57 GMT" time="32.474" errors="0">
  <testcase name="login2" time="17.186" classname="com.jenkins.practice.LoginTest"/>
  <testcase name="login1" time="15.288" classname="com.jenkins.practice.LoginTest"/>
</testsuite> <!-- com.jenkins.practice.LoginTest -->
